<?xml version="1.0" encoding="UTF-8"?>
<!-- Generated by org.testng.reporters.JUnitXMLReporter -->
<testsuite ignored="0" hostname="LAPTOP-KABJJ091" failures="0" tests="5" name="Suit" time="0.686" errors="0" timestamp="2021-09-23T17:19:34 COT">
  <testcase classname="tests.TestEmployee" name="deleteEmployee" time="0.088"/>
  <testcase classname="tests.TestEmployee" name="getAllEmployees" time="0.133"/>
  <testcase classname="tests.TestEmployee" name="getEmployeesByLastName" time="0.018"/>
  <testcase classname="tests.TestEmployee" name="insertEmployee" time="0.008"/>
  <testcase classname="tests.TestEmployee" name="updateEmployee" time="0.001"/>
</testsuite> <!-- Suit -->
