<?xml version="1.0" encoding="UTF-8"?>
<testsuite xmlns:xsi="http://www.w3.org/2001/XMLSchema-instance" xsi:noNamespaceSchemaLocation="https://maven.apache.org/surefire/maven-surefire-plugin/xsd/surefire-test-report-3.0.xsd" version="3.0" name="TestSuite" time="3.114" tests="5" errors="0" skipped="0" failures="0">
  <properties>
[...]
</properties>
  <testcase name="deleteEmployee[model.Employee@75ed7512](1)" classname="tests.TestEmployee" time="0.088">
    <system-out><![CDATA[17:19:32.010 [main] INFO  org.hibernate.jpa.internal.util.LogHelper - HHH000204: Processing PersistenceUnitInfo [name: PERSISTENCIA]
17:19:32.060 [main] INFO  org.hibernate.Version - HHH000412: Hibernate ORM core version 5.4.24.Final
17:19:32.195 [main] INFO  org.hibernate.annotations.common.Version - HCANN000001: Hibernate Commons Annotations {5.1.2.Final}
17:19:32.332 [main] WARN  org.hibernate.orm.connections.pooling - HHH10001002: Using Hibernate built-in connection pool (not for production use!)
17:19:32.339 [main] INFO  org.hibernate.orm.connections.pooling - HHH10001005: using driver [com.mysql.jdbc.Driver] at URL [jdbc:mysql://localhost:3306/personas]
17:19:32.339 [main] INFO  org.hibernate.orm.connections.pooling - HHH10001001: Connection properties: {password=****, user=root}
17:19:32.339 [main] INFO  org.hibernate.orm.connections.pooling - HHH10001003: Autocommit mode: false
17:19:32.342 [main] INFO  org.hibernate.engine.jdbc.connections.internal.DriverManagerConnectionProviderImpl - HHH000115: Hibernate connection pool size: 20 (min=1)
17:19:32.729 [main] INFO  org.hibernate.dialect.Dialect - HHH000400: Using dialect: org.hibernate.dialect.MySQL5Dialect
17:19:33.296 [main] INFO  org.hibernate.orm.connections.access - HHH10001501: Connection obtained from JdbcConnectionAccess [org.hibernate.engine.jdbc.env.internal.JdbcEnvironmentInitiator$ConnectionProviderJdbcConnectionAccess@486e9d1d] for (non-JTA) DDL execution was not in auto-commit mode; the Connection 'local transaction' will be committed and the Connection will be set into auto-commit mode.
17:19:33.324 [main] INFO  org.hibernate.engine.transaction.jta.platform.internal.JtaPlatformInitiator - HHH000490: Using JtaPlatform implementation: [org.hibernate.engine.transaction.jta.platform.internal.NoJtaPlatform]
17:19:33.864 [main] INFO  crud.EmployeeCrud - Inserting employee ....
Hibernate: insert into Employee (address, birthDate, email, firstName, idCompany, idInstitution, lastName, phoneNumber, Salary, idEmployee) values (?, ?, ?, ?, ?, ?, ?, ?, ?, ?)
17:19:33.901 [main] INFO  crud.EmployeeCrud - Getting employee by id 5 ...
17:19:33.905 [main] INFO  crud.EmployeeCrud - Employee inserted successfully
17:19:33.928 [main] INFO  utils.Formatter - 5 - Juan  - Lopez - test@email.com - calle 45 - Thu Sep 23 17:19:33 COT 2021 - 3104787328 - 0 - Thu Sep 23 17:19:33 COT 2021 - 
17:19:33.928 [main] INFO  crud.EmployeeCrud - Updating employee with id 5 ...
Hibernate: delete from Employee where idEmployee=?
17:19:33.947 [main] INFO  crud.EmployeeCrud - Registro eliminado 
]]></system-out>
    <system-err><![CDATA[Loading class `com.mysql.jdbc.Driver'. This is deprecated. The new driver class is `com.mysql.cj.jdbc.Driver'. The driver is automatically registered via the SPI and manual loading of the driver class is generally unnecessary.
]]></system-err>
  </testcase>
  <testcase name="getAllEmployees" classname="tests.TestEmployee" time="0.134">
    <system-out><![CDATA[17:19:33.951 [main] INFO  crud.EmployeeCrud - Getting all employees ...
Hibernate: select employee0_.idEmployee as idemploy1_0_, employee0_.address as address2_0_, employee0_.birthDate as birthdat3_0_, employee0_.email as email4_0_, employee0_.firstName as firstnam5_0_, employee0_.idCompany as idcompan6_0_, employee0_.idInstitution as idinstit7_0_, employee0_.lastName as lastname8_0_, employee0_.phoneNumber as phonenum9_0_, employee0_.Salary as salary10_0_ from Employee employee0_
17:19:34.083 [main] INFO  utils.Formatter - 42 - Juan  - Lopez - test@email.com - calle 45 - 2021-09-23 00:00:00.0 - 3104787328 - 0 - 2021-09-23 00:00:00.0 - 
17:19:34.083 [main] INFO  utils.Formatter - 43 - Juan  - Lopez - test@email.com - calle 45 - 2021-09-23 00:00:00.0 - 3104787328 - 0 - 2021-09-23 00:00:00.0 - 
17:19:34.083 [main] INFO  utils.Formatter - 44 - Juan  - Lopez - test@email.com - calle 45 - 2021-09-23 00:00:00.0 - 3104787328 - 0 - 2021-09-23 00:00:00.0 - 
17:19:34.083 [main] INFO  utils.Formatter - 45 - Juan  - Lopez - test@email.com - calle 45 - 2021-09-23 00:00:00.0 - 3104787328 - 0 - 2021-09-23 00:00:00.0 - 
17:19:34.083 [main] INFO  utils.Formatter - 64 - Paola - Ramirez - paos@gmail.com - 37 George st. - 1990-05-07 00:00:00.0 - 6324584 - 3050 - 1990-05-07 00:00:00.0 - 
17:19:34.083 [main] INFO  utils.Formatter - 74 - Goku - Kameja - gokuz@gmail.com - 96 Toohey rd - 1985-05-23 00:00:00.0 - 523657563 - 2900 - 1985-05-23 00:00:00.0 - 
17:19:34.083 [main] INFO  utils.Formatter - 83 - Vegueta - Vegito - vegueta@gmail.com - 15 Adelade st - 1982-04-16 00:00:00.0 - 6952335 - 3800 - 1982-04-16 00:00:00.0 - 
17:19:34.083 [main] INFO  utils.Formatter - 92 - Krilin - Perez - krilip@gmail.com - 87 Woolbor st - 1984-09-17 00:00:00.0 - 45623688 - 3500 - 1984-09-17 00:00:00.0 - 
17:19:34.083 [main] INFO  utils.Formatter - 95 - Natalia - Gonzalez - natis@gmail.com - 42 George av. - 1979-02-06 00:00:00.0 - 78962426 - 4100 - 1979-02-06 00:00:00.0 - 
]]></system-out>
  </testcase>
  <testcase name="getEmployeesByLastName[Perez](1)" classname="tests.TestEmployee" time="0.016">
    <system-out><![CDATA[17:19:34.086 [main] INFO  crud.EmployeeCrud - Getting employee by last name Perez ...
Hibernate: select employee0_.idEmployee as idemploy1_0_, employee0_.address as address2_0_, employee0_.birthDate as birthdat3_0_, employee0_.email as email4_0_, employee0_.firstName as firstnam5_0_, employee0_.idCompany as idcompan6_0_, employee0_.idInstitution as idinstit7_0_, employee0_.lastName as lastname8_0_, employee0_.phoneNumber as phonenum9_0_, employee0_.Salary as salary10_0_ from Employee employee0_ where employee0_.lastName=?
17:19:34.102 [main] INFO  utils.Formatter - 92 - Krilin - Perez - krilip@gmail.com - 87 Woolbor st - 1984-09-17 00:00:00.0 - 45623688 - 3500 - 1984-09-17 00:00:00.0 - 
]]></system-out>
  </testcase>
  <testcase name="insertEmployee[model.Employee@21abda60](1)" classname="tests.TestEmployee" time="0.01">
    <system-out><![CDATA[17:19:34.104 [main] INFO  crud.EmployeeCrud - Inserting employee ....
Hibernate: insert into Employee (address, birthDate, email, firstName, idCompany, idInstitution, lastName, phoneNumber, Salary, idEmployee) values (?, ?, ?, ?, ?, ?, ?, ?, ?, ?)
17:19:34.112 [main] INFO  crud.EmployeeCrud - Getting employee by id 46 ...
17:19:34.112 [main] INFO  crud.EmployeeCrud - Employee inserted successfully
17:19:34.112 [main] INFO  utils.Formatter - 46 - Juan  - Lopez - test@email.com - calle 45 - Thu Sep 23 17:19:34 COT 2021 - 3104787328 - 0 - Thu Sep 23 17:19:34 COT 2021 - 
]]></system-out>
  </testcase>
  <testcase name="updateEmployee[model.Employee@69a73867](1)" classname="tests.TestEmployee" time="0.002">
    <system-out><![CDATA[17:19:34.115 [main] INFO  crud.EmployeeCrud - Updating employee with id 43 ...
17:19:34.115 [main] INFO  crud.EmployeeCrud - Getting employee by id 43 ...
17:19:34.115 [main] INFO  crud.EmployeeCrud - Employee updated successfully
17:19:34.115 [main] INFO  utils.Formatter - 43 - JuanUpdated - Lopez - test@email.com - calle 45 - Thu Sep 23 17:19:34 COT 2021 - 3104787328 - 0 - Thu Sep 23 17:19:34 COT 2021 - 
]]></system-out>
  </testcase>
</testsuite>