<?xml version="1.0" encoding="UTF-8"?>
<testng-results ignored="0" total="5" passed="5" failed="0" skipped="0">
  <reporter-output>
  </reporter-output>
  <suite started-at="2021-09-23T17:19:33 COT" name="Mobile Challenge" finished-at="2021-09-23T17:19:34 COT" duration-ms="686">
    <groups>
    </groups>
    <test started-at="2021-09-23T17:19:33 COT" name="Suit" finished-at="2021-09-23T17:19:34 COT" duration-ms="686">
      <class name="tests.TestEmployee">
        <test-method signature="deleteEmployee(model.Employee)[pri:0, instance:tests.TestEmployee@4270b142]" started-at="2021-09-23T17:19:33 COT" name="deleteEmployee" data-provider="employeesDeleted" finished-at="2021-09-23T17:19:33 COT" duration-ms="88" status="PASS">
          <params>
            <param index="0">
              <value>
                <![CDATA[model.Employee@75ed7512]]>
              </value>
            </param>
          </params>
          <reporter-output>
          </reporter-output>
        </test-method> <!-- deleteEmployee -->
        <test-method signature="getAllEmployees()[pri:0, instance:tests.TestEmployee@4270b142]" started-at="2021-09-23T17:19:33 COT" name="getAllEmployees" finished-at="2021-09-23T17:19:34 COT" duration-ms="133" status="PASS">
          <reporter-output>
          </reporter-output>
        </test-method> <!-- getAllEmployees -->
        <test-method signature="getEmployeesByLastName(java.lang.String)[pri:0, instance:tests.TestEmployee@4270b142]" started-at="2021-09-23T17:19:34 COT" name="getEmployeesByLastName" data-provider="LastNames" finished-at="2021-09-23T17:19:34 COT" duration-ms="18" status="PASS">
          <params>
            <param index="0">
              <value>
                <![CDATA[Perez]]>
              </value>
            </param>
          </params>
          <reporter-output>
          </reporter-output>
        </test-method> <!-- getEmployeesByLastName -->
        <test-method signature="insertEmployee(model.Employee)[pri:0, instance:tests.TestEmployee@4270b142]" started-at="2021-09-23T17:19:34 COT" name="insertEmployee" data-provider="Employee" finished-at="2021-09-23T17:19:34 COT" duration-ms="8" status="PASS">
          <params>
            <param index="0">
              <value>
                <![CDATA[model.Employee@21abda60]]>
              </value>
            </param>
          </params>
          <reporter-output>
          </reporter-output>
        </test-method> <!-- insertEmployee -->
        <test-method signature="updateEmployee(model.Employee)[pri:0, instance:tests.TestEmployee@4270b142]" started-at="2021-09-23T17:19:34 COT" name="updateEmployee" data-provider="UpdateEmployee" finished-at="2021-09-23T17:19:34 COT" duration-ms="1" status="PASS">
          <params>
            <param index="0">
              <value>
                <![CDATA[model.Employee@69a73867]]>
              </value>
            </param>
          </params>
          <reporter-output>
          </reporter-output>
        </test-method> <!-- updateEmployee -->
      </class> <!-- tests.TestEmployee -->
    </test> <!-- Suit -->
  </suite> <!-- Mobile Challenge -->
</testng-results>
